2020-04-04 16:36:13,479 INFO [restartedMain] com.fei.Application [StartupInfoLogger.java : 50] Starting Application on luck-xianzhi.local with PID 17206 (/Users/luck/WeChatProjects/makeMoney/all/target/classes started by luck in /Users/luck/WeChatProjects/makeMoney)
2020-04-04 16:36:13,485 DEBUG [restartedMain] com.fei.Application [StartupInfoLogger.java : 53] Running with Spring Boot v2.1.5.RELEASE, Spring v5.1.7.RELEASE
2020-04-04 16:36:13,486 INFO [restartedMain] com.fei.Application [SpringApplication.java : 679] The following profiles are active: db,core,admin,wx
2020-04-04 16:36:24,871 ERROR [restartedMain] o.apache.catalina.util.LifecycleBase [DirectJDKLog.java : 175] Failed to start component [Connector[HTTP/1.1-8080]]
org.apache.catalina.LifecycleException: Protocol handler start failed
	at org.apache.catalina.connector.Connector.startInternal(Connector.java:1008)
	at org.apache.catalina.util.LifecycleBase.start(LifecycleBase.java:183)
	at org.apache.catalina.core.StandardService.addConnector(StandardService.java:226)
	at org.springframework.boot.web.embedded.tomcat.TomcatWebServer.addPreviouslyRemovedConnectors(TomcatWebServer.java:259)
	at org.springframework.boot.web.embedded.tomcat.TomcatWebServer.start(TomcatWebServer.java:197)
	at org.springframework.boot.web.servlet.context.ServletWebServerApplicationContext.startWebServer(ServletWebServerApplicationContext.java:311)
	at org.springframework.boot.web.servlet.context.ServletWebServerApplicationContext.finishRefresh(ServletWebServerApplicationContext.java:164)
	at org.springframework.context.support.AbstractApplicationContext.refresh(AbstractApplicationContext.java:552)
	at org.springframework.boot.web.servlet.context.ServletWebServerApplicationContext.refresh(ServletWebServerApplicationContext.java:142)
	at org.springframework.boot.SpringApplication.refresh(SpringApplication.java:775)
	at org.springframework.boot.SpringApplication.refreshContext(SpringApplication.java:397)
	at org.springframework.boot.SpringApplication.run(SpringApplication.java:316)
	at org.springframework.boot.SpringApplication.run(SpringApplication.java:1260)
	at org.springframework.boot.SpringApplication.run(SpringApplication.java:1248)
	at com.fei.Application.main(Application.java:16)
	at sun.reflect.NativeMethodAccessorImpl.invoke0(Native Method)
	at sun.reflect.NativeMethodAccessorImpl.invoke(NativeMethodAccessorImpl.java:62)
	at sun.reflect.DelegatingMethodAccessorImpl.invoke(DelegatingMethodAccessorImpl.java:43)
	at java.lang.reflect.Method.invoke(Method.java:498)
	at org.springframework.boot.devtools.restart.RestartLauncher.run(RestartLauncher.java:49)
Caused by: java.net.BindException: Address already in use
	at sun.nio.ch.Net.bind0(Native Method)
	at sun.nio.ch.Net.bind(Net.java:433)
	at sun.nio.ch.Net.bind(Net.java:425)
	at sun.nio.ch.ServerSocketChannelImpl.bind(ServerSocketChannelImpl.java:223)
	at sun.nio.ch.ServerSocketAdaptor.bind(ServerSocketAdaptor.java:74)
	at org.apache.tomcat.util.net.NioEndpoint.initServerSocket(NioEndpoint.java:239)
	at org.apache.tomcat.util.net.NioEndpoint.bind(NioEndpoint.java:213)
	at org.apache.tomcat.util.net.AbstractEndpoint.bindWithCleanup(AbstractEndpoint.java:1116)
	at org.apache.tomcat.util.net.AbstractEndpoint.start(AbstractEndpoint.java:1202)
	at org.apache.coyote.AbstractProtocol.start(AbstractProtocol.java:568)
	at org.apache.catalina.connector.Connector.startInternal(Connector.java:1005)
	... 19 common frames omitted
2020-04-04 16:36:24,904 ERROR [restartedMain] o.s.b.d.LoggingFailureAnalysisReporter [LoggingFailureAnalysisReporter.java : 42] 

***************************
APPLICATION FAILED TO START
***************************

Description:

The Tomcat connector configured to listen on port 8080 failed to start. The port may already be in use or the connector may be misconfigured.

Action:

Verify the connector's configuration, identify and stop any process that's listening on port 8080, or configure this application to listen on another port.

2020-04-04 16:51:36,387 INFO [restartedMain] com.fei.Application [StartupInfoLogger.java : 50] Starting Application on luck-xianzhi.local with PID 17785 (/Users/luck/WeChatProjects/makeMoney/all/target/classes started by luck in /Users/luck/WeChatProjects/makeMoney)
2020-04-04 16:51:36,392 DEBUG [restartedMain] com.fei.Application [StartupInfoLogger.java : 53] Running with Spring Boot v2.1.5.RELEASE, Spring v5.1.7.RELEASE
2020-04-04 16:51:36,394 INFO [restartedMain] com.fei.Application [SpringApplication.java : 679] The following profiles are active: db,core,admin,wx
2020-04-04 16:51:48,511 INFO [restartedMain] com.fei.Application [StartupInfoLogger.java : 59] Started Application in 14.423 seconds (JVM running for 16.212)
2020-04-05 18:07:29,647 INFO [restartedMain] com.fei.Application [StartupInfoLogger.java : 50] Starting Application on luck-xianzhi.local with PID 8113 (/Users/luck/WeChatProjects/organization_item/all/target/classes started by luck in /Users/luck/WeChatProjects/organization_item)
2020-04-05 18:07:29,651 DEBUG [restartedMain] com.fei.Application [StartupInfoLogger.java : 53] Running with Spring Boot v2.1.5.RELEASE, Spring v5.1.7.RELEASE
2020-04-05 18:07:29,652 INFO [restartedMain] com.fei.Application [SpringApplication.java : 679] The following profiles are active: db,core,admin,wx
2020-04-05 18:07:39,692 INFO [restartedMain] com.fei.Application [StartupInfoLogger.java : 59] Started Application in 12.287 seconds (JVM running for 14.973)
2020-04-05 18:28:35,973 INFO [restartedMain] com.fei.Application [StartupInfoLogger.java : 50] Starting Application on luck-xianzhi.local with PID 8473 (/Users/luck/WeChatProjects/organization_item/all/target/classes started by luck in /Users/luck/WeChatProjects/organization_item)
2020-04-05 18:28:35,979 DEBUG [restartedMain] com.fei.Application [StartupInfoLogger.java : 53] Running with Spring Boot v2.1.5.RELEASE, Spring v5.1.7.RELEASE
2020-04-05 18:28:35,979 INFO [restartedMain] com.fei.Application [SpringApplication.java : 679] The following profiles are active: db,core,admin,wx
2020-04-05 18:28:44,102 INFO [restartedMain] com.fei.Application [StartupInfoLogger.java : 59] Started Application in 9.993 seconds (JVM running for 11.644)
2020-04-05 18:29:07,232 INFO [https-jsse-nio-8080-exec-4] com.fei.wx.web.WxAuthController [WxAuthController.java : 51] 执行登录>>>>>>>>{"code":"023ryLcD1tsVH80J3BdD1ILGcD1ryLcW","userInfo":{"nickName":"陈小飞","avatarUrl":"https://wx.qlogo.cn/mmopen/vi_32/65vd1qS31BfMdJ82kcx1bWJOCaxibH5DWvib7QJpw8jzfY9kLUyJjN6h4icAUFcGDKEBXhBcnEyVL6GbcJB0Gs0YQ/132","country":"China","province":"Guangdong","city":"Guangzhou","language":"zh_CN","gender":1},"shareId":null}
2020-04-05 18:29:07,927 ERROR [https-jsse-nio-8080-exec-4] c.b.w.m.api.impl.WxMaServiceImpl [WxMaServiceImpl.java : 257] 
【请求地址】: https://api.weixin.qq.com/sns/jscode2session?access_token=32_m2I51ro4frq0RAz9AZBpANvvAJTztl8xrLg0UiMBTDV1C1IjqTTxLEM2ctbHM2j1N6K0Oz-j6HNEREX06ld6mdD5dxIpyK6VugK4jIP3qg5na3oLORxfojKU11wPIa1T6kZwGVQYLkGN70j2HMCfADADIY
【请求参数】：js_code=023ryLcD1tsVH80J3BdD1ILGcD1ryLcW&secret=******&grant_type=authorization_code&appid=wx11fc0aced309f711
【错误信息】：{"errcode":40029,"errmsg":"invalid code, hints: [ req_id: oIcBMfyFe-kK51aA ]"}
2020-04-05 18:32:17,067 INFO [https-jsse-nio-8080-exec-9] com.fei.wx.web.WxAuthController [WxAuthController.java : 51] 执行登录>>>>>>>>{"code":"043ebU6d0sm8xy1GuR3d0QSV6d0ebU6V","userInfo":{"nickName":"陈小飞","avatarUrl":"https://wx.qlogo.cn/mmopen/vi_32/65vd1qS31BfMdJ82kcx1bWJOCaxibH5DWvib7QJpw8jzfY9kLUyJjN6h4icAUFcGDKEBXhBcnEyVL6GbcJB0Gs0YQ/132","country":"China","province":"Guangdong","city":"Guangzhou","language":"zh_CN","gender":1},"shareId":null}
2020-04-05 18:32:17,384 ERROR [https-jsse-nio-8080-exec-9] c.b.w.m.api.impl.WxMaServiceImpl [WxMaServiceImpl.java : 257] 
【请求地址】: https://api.weixin.qq.com/sns/jscode2session?access_token=32_m2I51ro4frq0RAz9AZBpANvvAJTztl8xrLg0UiMBTDV1C1IjqTTxLEM2ctbHM2j1N6K0Oz-j6HNEREX06ld6mdD5dxIpyK6VugK4jIP3qg5na3oLORxfojKU11wPIa1T6kZwGVQYLkGN70j2HMCfADADIY
【请求参数】：js_code=043ebU6d0sm8xy1GuR3d0QSV6d0ebU6V&secret=******&grant_type=authorization_code&appid=wx11fc0aced309f711
【错误信息】：{"errcode":40029,"errmsg":"invalid code, hints: [ req_id: PIcBFMwgE-lGMkgA ]"}
2020-04-05 18:32:32,401 INFO [restartedMain] com.fei.Application [StartupInfoLogger.java : 50] Starting Application on luck-xianzhi.local with PID 8655 (/Users/luck/WeChatProjects/organization_item/all/target/classes started by luck in /Users/luck/WeChatProjects/organization_item)
2020-04-05 18:32:32,409 DEBUG [restartedMain] com.fei.Application [StartupInfoLogger.java : 53] Running with Spring Boot v2.1.5.RELEASE, Spring v5.1.7.RELEASE
2020-04-05 18:32:32,410 INFO [restartedMain] com.fei.Application [SpringApplication.java : 679] The following profiles are active: db,core,admin,wx
2020-04-05 18:32:42,116 INFO [restartedMain] com.fei.Application [StartupInfoLogger.java : 59] Started Application in 11.616 seconds (JVM running for 13.237)
2020-04-05 18:33:38,782 INFO [https-jsse-nio-8080-exec-4] com.fei.wx.web.WxAuthController [WxAuthController.java : 51] 执行登录>>>>>>>>{"code":"023V4C9e2hRlrI05gi9e2zyC9e2V4C9j","userInfo":{"nickName":"陈小飞","avatarUrl":"https://wx.qlogo.cn/mmopen/vi_32/65vd1qS31BfMdJ82kcx1bWJOCaxibH5DWvib7QJpw8jzfY9kLUyJjN6h4icAUFcGDKEBXhBcnEyVL6GbcJB0Gs0YQ/132","country":"China","province":"Guangdong","city":"Guangzhou","language":"zh_CN","gender":1},"shareId":null}
2020-04-05 18:33:39,385 ERROR [https-jsse-nio-8080-exec-4] c.f.c.config.GlobalExceptionHandler [GlobalExceptionHandler.java : 72] 无法获取实体类com.fei.db.entity.po.SysUser对应的表名!
tk.mybatis.mapper.MapperException: 无法获取实体类com.fei.db.entity.po.SysUser对应的表名!
	at tk.mybatis.mapper.mapperhelper.EntityHelper.getEntityTable(EntityHelper.java:69)
	at tk.mybatis.mapper.entity.Example.<init>(Example.java:103)
	at tk.mybatis.mapper.entity.Example.<init>(Example.java:88)
	at tk.mybatis.mapper.entity.Example.<init>(Example.java:78)
	at com.fei.wx.service.UserInfoService.getUserByWeixinOpenid(UserInfoService.java:27)
	at com.fei.wx.web.WxAuthController.loginByWeixin(WxAuthController.java:69)
	at com.fei.wx.web.WxAuthController$$FastClassBySpringCGLIB$$657adfbb.invoke(<generated>)
	at org.springframework.cglib.proxy.MethodProxy.invoke(MethodProxy.java:218)
	at org.springframework.aop.framework.CglibAopProxy$CglibMethodInvocation.invokeJoinpoint(CglibAopProxy.java:749)
	at org.springframework.aop.framework.ReflectiveMethodInvocation.proceed(ReflectiveMethodInvocation.java:163)
	at org.springframework.validation.beanvalidation.MethodValidationInterceptor.invoke(MethodValidationInterceptor.java:119)
	at org.springframework.aop.framework.ReflectiveMethodInvocation.proceed(ReflectiveMethodInvocation.java:186)
	at org.springframework.aop.framework.CglibAopProxy$DynamicAdvisedInterceptor.intercept(CglibAopProxy.java:688)
	at com.fei.wx.web.WxAuthController$$EnhancerBySpringCGLIB$$2f2062b2.loginByWeixin(<generated>)
	at sun.reflect.NativeMethodAccessorImpl.invoke0(Native Method)
	at sun.reflect.NativeMethodAccessorImpl.invoke(NativeMethodAccessorImpl.java:62)
	at sun.reflect.DelegatingMethodAccessorImpl.invoke(DelegatingMethodAccessorImpl.java:43)
	at java.lang.reflect.Method.invoke(Method.java:498)
	at org.springframework.web.method.support.InvocableHandlerMethod.doInvoke(InvocableHandlerMethod.java:190)
	at org.springframework.web.method.support.InvocableHandlerMethod.invokeForRequest(InvocableHandlerMethod.java:138)
	at org.springframework.web.servlet.mvc.method.annotation.ServletInvocableHandlerMethod.invokeAndHandle(ServletInvocableHandlerMethod.java:104)
	at org.springframework.web.servlet.mvc.method.annotation.RequestMappingHandlerAdapter.invokeHandlerMethod(RequestMappingHandlerAdapter.java:892)
	at org.springframework.web.servlet.mvc.method.annotation.RequestMappingHandlerAdapter.handleInternal(RequestMappingHandlerAdapter.java:797)
	at org.springframework.web.servlet.mvc.method.AbstractHandlerMethodAdapter.handle(AbstractHandlerMethodAdapter.java:87)
	at org.springframework.web.servlet.DispatcherServlet.doDispatch(DispatcherServlet.java:1039)
	at org.springframework.web.servlet.DispatcherServlet.doService(DispatcherServlet.java:942)
	at org.springframework.web.servlet.FrameworkServlet.processRequest(FrameworkServlet.java:1005)
	at org.springframework.web.servlet.FrameworkServlet.doPost(FrameworkServlet.java:908)
	at javax.servlet.http.HttpServlet.service(HttpServlet.java:660)
	at org.springframework.web.servlet.FrameworkServlet.service(FrameworkServlet.java:882)
	at javax.servlet.http.HttpServlet.service(HttpServlet.java:741)
	at org.apache.catalina.core.ApplicationFilterChain.internalDoFilter(ApplicationFilterChain.java:231)
	at org.apache.catalina.core.ApplicationFilterChain.doFilter(ApplicationFilterChain.java:166)
	at org.apache.tomcat.websocket.server.WsFilter.doFilter(WsFilter.java:53)
	at org.apache.catalina.core.ApplicationFilterChain.internalDoFilter(ApplicationFilterChain.java:193)
	at org.apache.catalina.core.ApplicationFilterChain.doFilter(ApplicationFilterChain.java:166)
	at org.springframework.web.filter.CorsFilter.doFilterInternal(CorsFilter.java:96)
	at org.springframework.web.filter.OncePerRequestFilter.doFilter(OncePerRequestFilter.java:107)
	at org.apache.catalina.core.ApplicationFilterChain.internalDoFilter(ApplicationFilterChain.java:193)
	at org.apache.catalina.core.ApplicationFilterChain.doFilter(ApplicationFilterChain.java:166)
	at com.alibaba.druid.support.http.WebStatFilter.doFilter(WebStatFilter.java:123)
	at org.apache.catalina.core.ApplicationFilterChain.internalDoFilter(ApplicationFilterChain.java:193)
	at org.apache.catalina.core.ApplicationFilterChain.doFilter(ApplicationFilterChain.java:166)
	at org.springframework.web.filter.RequestContextFilter.doFilterInternal(RequestContextFilter.java:99)
	at org.springframework.web.filter.OncePerRequestFilter.doFilter(OncePerRequestFilter.java:107)
	at org.apache.catalina.core.ApplicationFilterChain.internalDoFilter(ApplicationFilterChain.java:193)
	at org.apache.catalina.core.ApplicationFilterChain.doFilter(ApplicationFilterChain.java:166)
	at org.springframework.web.filter.FormContentFilter.doFilterInternal(FormContentFilter.java:92)
	at org.springframework.web.filter.OncePerRequestFilter.doFilter(OncePerRequestFilter.java:107)
	at org.apache.catalina.core.ApplicationFilterChain.internalDoFilter(ApplicationFilterChain.java:193)
	at org.apache.catalina.core.ApplicationFilterChain.doFilter(ApplicationFilterChain.java:166)
	at org.springframework.web.filter.HiddenHttpMethodFilter.doFilterInternal(HiddenHttpMethodFilter.java:93)
	at org.springframework.web.filter.OncePerRequestFilter.doFilter(OncePerRequestFilter.java:107)
	at org.apache.catalina.core.ApplicationFilterChain.internalDoFilter(ApplicationFilterChain.java:193)
	at org.apache.catalina.core.ApplicationFilterChain.doFilter(ApplicationFilterChain.java:166)
	at org.springframework.web.filter.CharacterEncodingFilter.doFilterInternal(CharacterEncodingFilter.java:200)
	at org.springframework.web.filter.OncePerRequestFilter.doFilter(OncePerRequestFilter.java:107)
	at org.apache.catalina.core.ApplicationFilterChain.internalDoFilter(ApplicationFilterChain.java:193)
	at org.apache.catalina.core.ApplicationFilterChain.doFilter(ApplicationFilterChain.java:166)
	at org.apache.catalina.core.StandardWrapperValve.invoke(StandardWrapperValve.java:200)
	at org.apache.catalina.core.StandardContextValve.invoke(StandardContextValve.java:96)
	at org.apache.catalina.authenticator.AuthenticatorBase.invoke(AuthenticatorBase.java:490)
	at org.apache.catalina.core.StandardHostValve.invoke(StandardHostValve.java:139)
	at org.apache.catalina.valves.ErrorReportValve.invoke(ErrorReportValve.java:92)
	at org.apache.catalina.core.StandardEngineValve.invoke(StandardEngineValve.java:74)
	at org.apache.catalina.connector.CoyoteAdapter.service(CoyoteAdapter.java:343)
	at org.apache.coyote.http11.Http11Processor.service(Http11Processor.java:408)
	at org.apache.coyote.AbstractProcessorLight.process(AbstractProcessorLight.java:66)
	at org.apache.coyote.AbstractProtocol$ConnectionHandler.process(AbstractProtocol.java:836)
	at org.apache.tomcat.util.net.NioEndpoint$SocketProcessor.doRun(NioEndpoint.java:1747)
	at org.apache.tomcat.util.net.SocketProcessorBase.run(SocketProcessorBase.java:49)
	at java.util.concurrent.ThreadPoolExecutor.runWorker(ThreadPoolExecutor.java:1149)
	at java.util.concurrent.ThreadPoolExecutor$Worker.run(ThreadPoolExecutor.java:624)
	at org.apache.tomcat.util.threads.TaskThread$WrappingRunnable.run(TaskThread.java:61)
	at java.lang.Thread.run(Thread.java:748)
2020-04-05 18:41:11,608 INFO [restartedMain] com.fei.Application [StartupInfoLogger.java : 50] Starting Application on luck-xianzhi.local with PID 8994 (/Users/luck/WeChatProjects/organization_item/all/target/classes started by luck in /Users/luck/WeChatProjects/organization_item)
2020-04-05 18:41:11,615 DEBUG [restartedMain] com.fei.Application [StartupInfoLogger.java : 53] Running with Spring Boot v2.1.5.RELEASE, Spring v5.1.7.RELEASE
2020-04-05 18:41:11,616 INFO [restartedMain] com.fei.Application [SpringApplication.java : 679] The following profiles are active: db,core,admin,wx
2020-04-05 18:41:27,883 INFO [restartedMain] com.fei.Application [StartupInfoLogger.java : 59] Started Application in 18.543 seconds (JVM running for 22.042)
2020-04-05 18:41:42,474 INFO [https-jsse-nio-8080-exec-4] com.fei.wx.web.WxAuthController [WxAuthController.java : 51] 执行登录>>>>>>>>{"code":"033VaqoT1E0KL316guqT1xzqoT1Vaqoz","userInfo":{"nickName":"陈小飞","avatarUrl":"https://wx.qlogo.cn/mmopen/vi_32/65vd1qS31BfMdJ82kcx1bWJOCaxibH5DWvib7QJpw8jzfY9kLUyJjN6h4icAUFcGDKEBXhBcnEyVL6GbcJB0Gs0YQ/132","country":"China","province":"Guangdong","city":"Guangzhou","language":"zh_CN","gender":1},"shareId":null}
2020-04-05 18:42:13,153 ERROR [https-jsse-nio-8080-exec-4] c.f.c.config.GlobalExceptionHandler [GlobalExceptionHandler.java : 72] 无法获取实体类com.fei.db.entity.po.SysUser对应的表名!
tk.mybatis.mapper.MapperException: 无法获取实体类com.fei.db.entity.po.SysUser对应的表名!
	at tk.mybatis.mapper.mapperhelper.EntityHelper.getEntityTable(EntityHelper.java:69)
	at tk.mybatis.mapper.entity.Example.<init>(Example.java:103)
	at tk.mybatis.mapper.entity.Example.<init>(Example.java:88)
	at tk.mybatis.mapper.entity.Example.<init>(Example.java:78)
	at com.fei.wx.service.UserInfoService.getUserByWeixinOpenid(UserInfoService.java:27)
	at com.fei.wx.web.WxAuthController.loginByWeixin(WxAuthController.java:69)
	at com.fei.wx.web.WxAuthController$$FastClassBySpringCGLIB$$657adfbb.invoke(<generated>)
	at org.springframework.cglib.proxy.MethodProxy.invoke(MethodProxy.java:218)
	at org.springframework.aop.framework.CglibAopProxy$CglibMethodInvocation.invokeJoinpoint(CglibAopProxy.java:749)
	at org.springframework.aop.framework.ReflectiveMethodInvocation.proceed(ReflectiveMethodInvocation.java:163)
	at org.springframework.validation.beanvalidation.MethodValidationInterceptor.invoke(MethodValidationInterceptor.java:119)
	at org.springframework.aop.framework.ReflectiveMethodInvocation.proceed(ReflectiveMethodInvocation.java:186)
	at org.springframework.aop.framework.CglibAopProxy$DynamicAdvisedInterceptor.intercept(CglibAopProxy.java:688)
	at com.fei.wx.web.WxAuthController$$EnhancerBySpringCGLIB$$caed0ccf.loginByWeixin(<generated>)
	at sun.reflect.NativeMethodAccessorImpl.invoke0(Native Method)
	at sun.reflect.NativeMethodAccessorImpl.invoke(NativeMethodAccessorImpl.java:62)
	at sun.reflect.DelegatingMethodAccessorImpl.invoke(DelegatingMethodAccessorImpl.java:43)
	at java.lang.reflect.Method.invoke(Method.java:498)
	at org.springframework.web.method.support.InvocableHandlerMethod.doInvoke(InvocableHandlerMethod.java:190)
	at org.springframework.web.method.support.InvocableHandlerMethod.invokeForRequest(InvocableHandlerMethod.java:138)
	at org.springframework.web.servlet.mvc.method.annotation.ServletInvocableHandlerMethod.invokeAndHandle(ServletInvocableHandlerMethod.java:104)
	at org.springframework.web.servlet.mvc.method.annotation.RequestMappingHandlerAdapter.invokeHandlerMethod(RequestMappingHandlerAdapter.java:892)
	at org.springframework.web.servlet.mvc.method.annotation.RequestMappingHandlerAdapter.handleInternal(RequestMappingHandlerAdapter.java:797)
	at org.springframework.web.servlet.mvc.method.AbstractHandlerMethodAdapter.handle(AbstractHandlerMethodAdapter.java:87)
	at org.springframework.web.servlet.DispatcherServlet.doDispatch(DispatcherServlet.java:1039)
	at org.springframework.web.servlet.DispatcherServlet.doService(DispatcherServlet.java:942)
	at org.springframework.web.servlet.FrameworkServlet.processRequest(FrameworkServlet.java:1005)
	at org.springframework.web.servlet.FrameworkServlet.doPost(FrameworkServlet.java:908)
	at javax.servlet.http.HttpServlet.service(HttpServlet.java:660)
	at org.springframework.web.servlet.FrameworkServlet.service(FrameworkServlet.java:882)
	at javax.servlet.http.HttpServlet.service(HttpServlet.java:741)
	at org.apache.catalina.core.ApplicationFilterChain.internalDoFilter(ApplicationFilterChain.java:231)
	at org.apache.catalina.core.ApplicationFilterChain.doFilter(ApplicationFilterChain.java:166)
	at org.apache.tomcat.websocket.server.WsFilter.doFilter(WsFilter.java:53)
	at org.apache.catalina.core.ApplicationFilterChain.internalDoFilter(ApplicationFilterChain.java:193)
	at org.apache.catalina.core.ApplicationFilterChain.doFilter(ApplicationFilterChain.java:166)
	at org.springframework.web.filter.CorsFilter.doFilterInternal(CorsFilter.java:96)
	at org.springframework.web.filter.OncePerRequestFilter.doFilter(OncePerRequestFilter.java:107)
	at org.apache.catalina.core.ApplicationFilterChain.internalDoFilter(ApplicationFilterChain.java:193)
	at org.apache.catalina.core.ApplicationFilterChain.doFilter(ApplicationFilterChain.java:166)
	at com.alibaba.druid.support.http.WebStatFilter.doFilter(WebStatFilter.java:123)
	at org.apache.catalina.core.ApplicationFilterChain.internalDoFilter(ApplicationFilterChain.java:193)
	at org.apache.catalina.core.ApplicationFilterChain.doFilter(ApplicationFilterChain.java:166)
	at org.springframework.web.filter.RequestContextFilter.doFilterInternal(RequestContextFilter.java:99)
	at org.springframework.web.filter.OncePerRequestFilter.doFilter(OncePerRequestFilter.java:107)
	at org.apache.catalina.core.ApplicationFilterChain.internalDoFilter(ApplicationFilterChain.java:193)
	at org.apache.catalina.core.ApplicationFilterChain.doFilter(ApplicationFilterChain.java:166)
	at org.springframework.web.filter.FormContentFilter.doFilterInternal(FormContentFilter.java:92)
	at org.springframework.web.filter.OncePerRequestFilter.doFilter(OncePerRequestFilter.java:107)
	at org.apache.catalina.core.ApplicationFilterChain.internalDoFilter(ApplicationFilterChain.java:193)
	at org.apache.catalina.core.ApplicationFilterChain.doFilter(ApplicationFilterChain.java:166)
	at org.springframework.web.filter.HiddenHttpMethodFilter.doFilterInternal(HiddenHttpMethodFilter.java:93)
	at org.springframework.web.filter.OncePerRequestFilter.doFilter(OncePerRequestFilter.java:107)
	at org.apache.catalina.core.ApplicationFilterChain.internalDoFilter(ApplicationFilterChain.java:193)
	at org.apache.catalina.core.ApplicationFilterChain.doFilter(ApplicationFilterChain.java:166)
	at org.springframework.web.filter.CharacterEncodingFilter.doFilterInternal(CharacterEncodingFilter.java:200)
	at org.springframework.web.filter.OncePerRequestFilter.doFilter(OncePerRequestFilter.java:107)
	at org.apache.catalina.core.ApplicationFilterChain.internalDoFilter(ApplicationFilterChain.java:193)
	at org.apache.catalina.core.ApplicationFilterChain.doFilter(ApplicationFilterChain.java:166)
	at org.apache.catalina.core.StandardWrapperValve.invoke(StandardWrapperValve.java:200)
	at org.apache.catalina.core.StandardContextValve.invoke(StandardContextValve.java:96)
	at org.apache.catalina.authenticator.AuthenticatorBase.invoke(AuthenticatorBase.java:490)
	at org.apache.catalina.core.StandardHostValve.invoke(StandardHostValve.java:139)
	at org.apache.catalina.valves.ErrorReportValve.invoke(ErrorReportValve.java:92)
	at org.apache.catalina.core.StandardEngineValve.invoke(StandardEngineValve.java:74)
	at org.apache.catalina.connector.CoyoteAdapter.service(CoyoteAdapter.java:343)
	at org.apache.coyote.http11.Http11Processor.service(Http11Processor.java:408)
	at org.apache.coyote.AbstractProcessorLight.process(AbstractProcessorLight.java:66)
	at org.apache.coyote.AbstractProtocol$ConnectionHandler.process(AbstractProtocol.java:836)
	at org.apache.tomcat.util.net.NioEndpoint$SocketProcessor.doRun(NioEndpoint.java:1747)
	at org.apache.tomcat.util.net.SocketProcessorBase.run(SocketProcessorBase.java:49)
	at java.util.concurrent.ThreadPoolExecutor.runWorker(ThreadPoolExecutor.java:1149)
	at java.util.concurrent.ThreadPoolExecutor$Worker.run(ThreadPoolExecutor.java:624)
	at org.apache.tomcat.util.threads.TaskThread$WrappingRunnable.run(TaskThread.java:61)
	at java.lang.Thread.run(Thread.java:748)
2020-04-05 18:43:05,463 INFO [restartedMain] com.fei.Application [StartupInfoLogger.java : 50] Starting Application on luck-xianzhi.local with PID 9055 (/Users/luck/WeChatProjects/organization_item/all/target/classes started by luck in /Users/luck/WeChatProjects/organization_item)
2020-04-05 18:43:05,468 DEBUG [restartedMain] com.fei.Application [StartupInfoLogger.java : 53] Running with Spring Boot v2.1.5.RELEASE, Spring v5.1.7.RELEASE
2020-04-05 18:43:05,469 INFO [restartedMain] com.fei.Application [SpringApplication.java : 679] The following profiles are active: db,core,admin,wx
2020-04-05 18:43:07,147 WARN [restartedMain] o.m.s.mapper.ClassPathMapperScanner [ClassPathMapperScanner.java : 166] No MyBatis mapper was found in '[com.fei]' package. Please check your configuration.
2020-04-05 18:43:09,487 ERROR [restartedMain] o.s.b.d.LoggingFailureAnalysisReporter [LoggingFailureAnalysisReporter.java : 42] 

***************************
APPLICATION FAILED TO START
***************************

Description:

Field storageMapper in com.fei.db.service.SysStorageService required a bean of type 'com.fei.db.dao.SysStorageMapper' that could not be found.

The injection point has the following annotations:
	- @org.springframework.beans.factory.annotation.Autowired(required=true)


Action:

Consider defining a bean of type 'com.fei.db.dao.SysStorageMapper' in your configuration.

2020-04-05 18:44:20,887 INFO [restartedMain] com.fei.Application [StartupInfoLogger.java : 50] Starting Application on luck-xianzhi.local with PID 9097 (/Users/luck/WeChatProjects/organization_item/all/target/classes started by luck in /Users/luck/WeChatProjects/organization_item)
2020-04-05 18:44:20,898 DEBUG [restartedMain] com.fei.Application [StartupInfoLogger.java : 53] Running with Spring Boot v2.1.5.RELEASE, Spring v5.1.7.RELEASE
2020-04-05 18:44:20,899 INFO [restartedMain] com.fei.Application [SpringApplication.java : 679] The following profiles are active: db,core,admin,wx
2020-04-05 18:44:22,662 WARN [restartedMain] o.m.s.mapper.ClassPathMapperScanner [ClassPathMapperScanner.java : 166] No MyBatis mapper was found in '[com.fei]' package. Please check your configuration.
2020-04-05 18:44:25,228 ERROR [restartedMain] o.s.b.d.LoggingFailureAnalysisReporter [LoggingFailureAnalysisReporter.java : 42] 

***************************
APPLICATION FAILED TO START
***************************

Description:

Field storageMapper in com.fei.db.service.SysStorageService required a bean of type 'com.fei.db.dao.SysStorageMapper' that could not be found.

The injection point has the following annotations:
	- @org.springframework.beans.factory.annotation.Autowired(required=true)


Action:

Consider defining a bean of type 'com.fei.db.dao.SysStorageMapper' in your configuration.

2020-04-05 18:46:03,012 INFO [restartedMain] com.fei.Application [StartupInfoLogger.java : 50] Starting Application on luck-xianzhi.local with PID 9122 (/Users/luck/WeChatProjects/organization_item/all/target/classes started by luck in /Users/luck/WeChatProjects/organization_item)
2020-04-05 18:46:03,025 DEBUG [restartedMain] com.fei.Application [StartupInfoLogger.java : 53] Running with Spring Boot v2.1.5.RELEASE, Spring v5.1.7.RELEASE
2020-04-05 18:46:03,025 INFO [restartedMain] com.fei.Application [SpringApplication.java : 679] The following profiles are active: db,core,admin,wx
2020-04-05 18:46:04,709 WARN [restartedMain] o.m.s.mapper.ClassPathMapperScanner [ClassPathMapperScanner.java : 166] No MyBatis mapper was found in '[com.fei]' package. Please check your configuration.
2020-04-05 18:46:12,219 INFO [restartedMain] com.fei.Application [StartupInfoLogger.java : 59] Started Application in 10.913 seconds (JVM running for 12.174)
2020-04-05 18:46:24,443 INFO [https-jsse-nio-8080-exec-4] com.fei.wx.web.WxAuthController [WxAuthController.java : 51] 执行登录>>>>>>>>{"code":"023GP5Fj19nTPs06OWBj1UMZEj1GP5Fj","userInfo":{"nickName":"陈小飞","avatarUrl":"https://wx.qlogo.cn/mmopen/vi_32/65vd1qS31BfMdJ82kcx1bWJOCaxibH5DWvib7QJpw8jzfY9kLUyJjN6h4icAUFcGDKEBXhBcnEyVL6GbcJB0Gs0YQ/132","country":"China","province":"Guangdong","city":"Guangzhou","language":"zh_CN","gender":1},"shareId":null}
2020-04-05 20:25:20,552 INFO [restartedMain] com.fei.Application [StartupInfoLogger.java : 50] Starting Application on luck-xianzhi.local with PID 10410 (/Users/luck/WeChatProjects/organization_item/all/target/classes started by luck in /Users/luck/WeChatProjects/organization_item)
2020-04-05 20:25:20,556 DEBUG [restartedMain] com.fei.Application [StartupInfoLogger.java : 53] Running with Spring Boot v2.1.5.RELEASE, Spring v5.1.7.RELEASE
2020-04-05 20:25:20,557 INFO [restartedMain] com.fei.Application [SpringApplication.java : 679] The following profiles are active: db,core,admin,wx
2020-04-05 20:25:23,057 WARN [restartedMain] o.m.s.mapper.ClassPathMapperScanner [ClassPathMapperScanner.java : 166] No MyBatis mapper was found in '[com.fei]' package. Please check your configuration.
2020-04-05 20:25:39,660 INFO [restartedMain] com.fei.Application [StartupInfoLogger.java : 59] Started Application in 21.204 seconds (JVM running for 23.508)
2020-04-05 21:27:22,726 INFO [restartedMain] com.fei.Application [StartupInfoLogger.java : 50] Starting Application on luck-xianzhi.local with PID 10410 (/Users/luck/WeChatProjects/organization_item/all/target/classes started by luck in /Users/luck/WeChatProjects/organization_item)
2020-04-05 21:27:22,728 DEBUG [restartedMain] com.fei.Application [StartupInfoLogger.java : 53] Running with Spring Boot v2.1.5.RELEASE, Spring v5.1.7.RELEASE
2020-04-05 21:27:22,728 INFO [restartedMain] com.fei.Application [SpringApplication.java : 679] The following profiles are active: db,core,admin,wx
2020-04-05 21:27:24,011 WARN [restartedMain] o.m.s.mapper.ClassPathMapperScanner [ClassPathMapperScanner.java : 166] No MyBatis mapper was found in '[com.fei]' package. Please check your configuration.
2020-04-05 21:27:32,734 INFO [restartedMain] com.fei.Application [StartupInfoLogger.java : 59] Started Application in 10.771 seconds (JVM running for 3736.507)
2020-04-05 23:30:40,594 INFO [restartedMain] com.fei.Application [StartupInfoLogger.java : 50] Starting Application on luck-xianzhi.local with PID 14195 (/Users/luck/WeChatProjects/organization_item/all/target/classes started by luck in /Users/luck/WeChatProjects/organization_item)
2020-04-05 23:30:40,606 DEBUG [restartedMain] com.fei.Application [StartupInfoLogger.java : 53] Running with Spring Boot v2.1.5.RELEASE, Spring v5.1.7.RELEASE
2020-04-05 23:30:40,608 INFO [restartedMain] com.fei.Application [SpringApplication.java : 679] The following profiles are active: db,core,admin,wx
2020-04-05 23:30:42,992 WARN [restartedMain] o.m.s.mapper.ClassPathMapperScanner [ClassPathMapperScanner.java : 166] No MyBatis mapper was found in '[com.fei]' package. Please check your configuration.
2020-04-05 23:30:52,913 INFO [restartedMain] com.fei.Application [StartupInfoLogger.java : 59] Started Application in 16.24 seconds (JVM running for 19.254)
2020-04-05 23:32:37,034 ERROR [https-jsse-nio-8080-exec-5] c.f.c.config.GlobalExceptionHandler [GlobalExceptionHandler.java : 50] Required request body is missing: public java.lang.Object com.fei.wx.web.WxSujectController.addGroupSubject(java.lang.Integer,com.fei.db.entity.po.SujectInfo)
org.springframework.http.converter.HttpMessageNotReadableException: Required request body is missing: public java.lang.Object com.fei.wx.web.WxSujectController.addGroupSubject(java.lang.Integer,com.fei.db.entity.po.SujectInfo)
	at org.springframework.web.servlet.mvc.method.annotation.RequestResponseBodyMethodProcessor.readWithMessageConverters(RequestResponseBodyMethodProcessor.java:160)
	at org.springframework.web.servlet.mvc.method.annotation.RequestResponseBodyMethodProcessor.resolveArgument(RequestResponseBodyMethodProcessor.java:130)
	at org.springframework.web.method.support.HandlerMethodArgumentResolverComposite.resolveArgument(HandlerMethodArgumentResolverComposite.java:126)
	at org.springframework.web.method.support.InvocableHandlerMethod.getMethodArgumentValues(InvocableHandlerMethod.java:167)
	at org.springframework.web.method.support.InvocableHandlerMethod.invokeForRequest(InvocableHandlerMethod.java:134)
	at org.springframework.web.servlet.mvc.method.annotation.ServletInvocableHandlerMethod.invokeAndHandle(ServletInvocableHandlerMethod.java:104)
	at org.springframework.web.servlet.mvc.method.annotation.RequestMappingHandlerAdapter.invokeHandlerMethod(RequestMappingHandlerAdapter.java:892)
	at org.springframework.web.servlet.mvc.method.annotation.RequestMappingHandlerAdapter.handleInternal(RequestMappingHandlerAdapter.java:797)
	at org.springframework.web.servlet.mvc.method.AbstractHandlerMethodAdapter.handle(AbstractHandlerMethodAdapter.java:87)
	at org.springframework.web.servlet.DispatcherServlet.doDispatch(DispatcherServlet.java:1039)
	at org.springframework.web.servlet.DispatcherServlet.doService(DispatcherServlet.java:942)
	at org.springframework.web.servlet.FrameworkServlet.processRequest(FrameworkServlet.java:1005)
	at org.springframework.web.servlet.FrameworkServlet.doGet(FrameworkServlet.java:897)
	at javax.servlet.http.HttpServlet.service(HttpServlet.java:634)
	at org.springframework.web.servlet.FrameworkServlet.service(FrameworkServlet.java:882)
	at javax.servlet.http.HttpServlet.service(HttpServlet.java:741)
	at org.apache.catalina.core.ApplicationFilterChain.internalDoFilter(ApplicationFilterChain.java:231)
	at org.apache.catalina.core.ApplicationFilterChain.doFilter(ApplicationFilterChain.java:166)
	at org.apache.tomcat.websocket.server.WsFilter.doFilter(WsFilter.java:53)
	at org.apache.catalina.core.ApplicationFilterChain.internalDoFilter(ApplicationFilterChain.java:193)
	at org.apache.catalina.core.ApplicationFilterChain.doFilter(ApplicationFilterChain.java:166)
	at org.springframework.web.filter.CorsFilter.doFilterInternal(CorsFilter.java:96)
	at org.springframework.web.filter.OncePerRequestFilter.doFilter(OncePerRequestFilter.java:107)
	at org.apache.catalina.core.ApplicationFilterChain.internalDoFilter(ApplicationFilterChain.java:193)
	at org.apache.catalina.core.ApplicationFilterChain.doFilter(ApplicationFilterChain.java:166)
	at com.alibaba.druid.support.http.WebStatFilter.doFilter(WebStatFilter.java:123)
	at org.apache.catalina.core.ApplicationFilterChain.internalDoFilter(ApplicationFilterChain.java:193)
	at org.apache.catalina.core.ApplicationFilterChain.doFilter(ApplicationFilterChain.java:166)
	at org.springframework.web.filter.RequestContextFilter.doFilterInternal(RequestContextFilter.java:99)
	at org.springframework.web.filter.OncePerRequestFilter.doFilter(OncePerRequestFilter.java:107)
	at org.apache.catalina.core.ApplicationFilterChain.internalDoFilter(ApplicationFilterChain.java:193)
	at org.apache.catalina.core.ApplicationFilterChain.doFilter(ApplicationFilterChain.java:166)
	at org.springframework.web.filter.FormContentFilter.doFilterInternal(FormContentFilter.java:92)
	at org.springframework.web.filter.OncePerRequestFilter.doFilter(OncePerRequestFilter.java:107)
	at org.apache.catalina.core.ApplicationFilterChain.internalDoFilter(ApplicationFilterChain.java:193)
	at org.apache.catalina.core.ApplicationFilterChain.doFilter(ApplicationFilterChain.java:166)
	at org.springframework.web.filter.HiddenHttpMethodFilter.doFilterInternal(HiddenHttpMethodFilter.java:93)
	at org.springframework.web.filter.OncePerRequestFilter.doFilter(OncePerRequestFilter.java:107)
	at org.apache.catalina.core.ApplicationFilterChain.internalDoFilter(ApplicationFilterChain.java:193)
	at org.apache.catalina.core.ApplicationFilterChain.doFilter(ApplicationFilterChain.java:166)
	at org.springframework.web.filter.CharacterEncodingFilter.doFilterInternal(CharacterEncodingFilter.java:200)
	at org.springframework.web.filter.OncePerRequestFilter.doFilter(OncePerRequestFilter.java:107)
	at org.apache.catalina.core.ApplicationFilterChain.internalDoFilter(ApplicationFilterChain.java:193)
	at org.apache.catalina.core.ApplicationFilterChain.doFilter(ApplicationFilterChain.java:166)
	at org.apache.catalina.core.StandardWrapperValve.invoke(StandardWrapperValve.java:200)
	at org.apache.catalina.core.StandardContextValve.invoke(StandardContextValve.java:96)
	at org.apache.catalina.authenticator.AuthenticatorBase.invoke(AuthenticatorBase.java:490)
	at org.apache.catalina.core.StandardHostValve.invoke(StandardHostValve.java:139)
	at org.apache.catalina.valves.ErrorReportValve.invoke(ErrorReportValve.java:92)
	at org.apache.catalina.core.StandardEngineValve.invoke(StandardEngineValve.java:74)
	at org.apache.catalina.connector.CoyoteAdapter.service(CoyoteAdapter.java:343)
	at org.apache.coyote.http11.Http11Processor.service(Http11Processor.java:408)
	at org.apache.coyote.AbstractProcessorLight.process(AbstractProcessorLight.java:66)
	at org.apache.coyote.AbstractProtocol$ConnectionHandler.process(AbstractProtocol.java:836)
	at org.apache.tomcat.util.net.NioEndpoint$SocketProcessor.doRun(NioEndpoint.java:1747)
	at org.apache.tomcat.util.net.SocketProcessorBase.run(SocketProcessorBase.java:49)
	at java.util.concurrent.ThreadPoolExecutor.runWorker(ThreadPoolExecutor.java:1149)
	at java.util.concurrent.ThreadPoolExecutor$Worker.run(ThreadPoolExecutor.java:624)
	at org.apache.tomcat.util.threads.TaskThread$WrappingRunnable.run(TaskThread.java:61)
	at java.lang.Thread.run(Thread.java:748)
2020-04-05 23:33:20,503 ERROR [https-jsse-nio-8080-exec-6] c.f.c.config.GlobalExceptionHandler [GlobalExceptionHandler.java : 50] Required request body is missing: public java.lang.Object com.fei.wx.web.WxSujectController.addGroupSubject(java.lang.Integer,com.fei.db.entity.po.SujectInfo)
org.springframework.http.converter.HttpMessageNotReadableException: Required request body is missing: public java.lang.Object com.fei.wx.web.WxSujectController.addGroupSubject(java.lang.Integer,com.fei.db.entity.po.SujectInfo)
	at org.springframework.web.servlet.mvc.method.annotation.RequestResponseBodyMethodProcessor.readWithMessageConverters(RequestResponseBodyMethodProcessor.java:160)
	at org.springframework.web.servlet.mvc.method.annotation.RequestResponseBodyMethodProcessor.resolveArgument(RequestResponseBodyMethodProcessor.java:130)
	at org.springframework.web.method.support.HandlerMethodArgumentResolverComposite.resolveArgument(HandlerMethodArgumentResolverComposite.java:126)
	at org.springframework.web.method.support.InvocableHandlerMethod.getMethodArgumentValues(InvocableHandlerMethod.java:167)
	at org.springframework.web.method.support.InvocableHandlerMethod.invokeForRequest(InvocableHandlerMethod.java:134)
	at org.springframework.web.servlet.mvc.method.annotation.ServletInvocableHandlerMethod.invokeAndHandle(ServletInvocableHandlerMethod.java:104)
	at org.springframework.web.servlet.mvc.method.annotation.RequestMappingHandlerAdapter.invokeHandlerMethod(RequestMappingHandlerAdapter.java:892)
	at org.springframework.web.servlet.mvc.method.annotation.RequestMappingHandlerAdapter.handleInternal(RequestMappingHandlerAdapter.java:797)
	at org.springframework.web.servlet.mvc.method.AbstractHandlerMethodAdapter.handle(AbstractHandlerMethodAdapter.java:87)
	at org.springframework.web.servlet.DispatcherServlet.doDispatch(DispatcherServlet.java:1039)
	at org.springframework.web.servlet.DispatcherServlet.doService(DispatcherServlet.java:942)
	at org.springframework.web.servlet.FrameworkServlet.processRequest(FrameworkServlet.java:1005)
	at org.springframework.web.servlet.FrameworkServlet.doGet(FrameworkServlet.java:897)
	at javax.servlet.http.HttpServlet.service(HttpServlet.java:634)
	at org.springframework.web.servlet.FrameworkServlet.service(FrameworkServlet.java:882)
	at javax.servlet.http.HttpServlet.service(HttpServlet.java:741)
	at org.apache.catalina.core.ApplicationFilterChain.internalDoFilter(ApplicationFilterChain.java:231)
	at org.apache.catalina.core.ApplicationFilterChain.doFilter(ApplicationFilterChain.java:166)
	at org.apache.tomcat.websocket.server.WsFilter.doFilter(WsFilter.java:53)
	at org.apache.catalina.core.ApplicationFilterChain.internalDoFilter(ApplicationFilterChain.java:193)
	at org.apache.catalina.core.ApplicationFilterChain.doFilter(ApplicationFilterChain.java:166)
	at org.springframework.web.filter.CorsFilter.doFilterInternal(CorsFilter.java:96)
	at org.springframework.web.filter.OncePerRequestFilter.doFilter(OncePerRequestFilter.java:107)
	at org.apache.catalina.core.ApplicationFilterChain.internalDoFilter(ApplicationFilterChain.java:193)
	at org.apache.catalina.core.ApplicationFilterChain.doFilter(ApplicationFilterChain.java:166)
	at com.alibaba.druid.support.http.WebStatFilter.doFilter(WebStatFilter.java:123)
	at org.apache.catalina.core.ApplicationFilterChain.internalDoFilter(ApplicationFilterChain.java:193)
	at org.apache.catalina.core.ApplicationFilterChain.doFilter(ApplicationFilterChain.java:166)
	at org.springframework.web.filter.RequestContextFilter.doFilterInternal(RequestContextFilter.java:99)
	at org.springframework.web.filter.OncePerRequestFilter.doFilter(OncePerRequestFilter.java:107)
	at org.apache.catalina.core.ApplicationFilterChain.internalDoFilter(ApplicationFilterChain.java:193)
	at org.apache.catalina.core.ApplicationFilterChain.doFilter(ApplicationFilterChain.java:166)
	at org.springframework.web.filter.FormContentFilter.doFilterInternal(FormContentFilter.java:92)
	at org.springframework.web.filter.OncePerRequestFilter.doFilter(OncePerRequestFilter.java:107)
	at org.apache.catalina.core.ApplicationFilterChain.internalDoFilter(ApplicationFilterChain.java:193)
	at org.apache.catalina.core.ApplicationFilterChain.doFilter(ApplicationFilterChain.java:166)
	at org.springframework.web.filter.HiddenHttpMethodFilter.doFilterInternal(HiddenHttpMethodFilter.java:93)
	at org.springframework.web.filter.OncePerRequestFilter.doFilter(OncePerRequestFilter.java:107)
	at org.apache.catalina.core.ApplicationFilterChain.internalDoFilter(ApplicationFilterChain.java:193)
	at org.apache.catalina.core.ApplicationFilterChain.doFilter(ApplicationFilterChain.java:166)
	at org.springframework.web.filter.CharacterEncodingFilter.doFilterInternal(CharacterEncodingFilter.java:200)
	at org.springframework.web.filter.OncePerRequestFilter.doFilter(OncePerRequestFilter.java:107)
	at org.apache.catalina.core.ApplicationFilterChain.internalDoFilter(ApplicationFilterChain.java:193)
	at org.apache.catalina.core.ApplicationFilterChain.doFilter(ApplicationFilterChain.java:166)
	at org.apache.catalina.core.StandardWrapperValve.invoke(StandardWrapperValve.java:200)
	at org.apache.catalina.core.StandardContextValve.invoke(StandardContextValve.java:96)
	at org.apache.catalina.authenticator.AuthenticatorBase.invoke(AuthenticatorBase.java:490)
	at org.apache.catalina.core.StandardHostValve.invoke(StandardHostValve.java:139)
	at org.apache.catalina.valves.ErrorReportValve.invoke(ErrorReportValve.java:92)
	at org.apache.catalina.core.StandardEngineValve.invoke(StandardEngineValve.java:74)
	at org.apache.catalina.connector.CoyoteAdapter.service(CoyoteAdapter.java:343)
	at org.apache.coyote.http11.Http11Processor.service(Http11Processor.java:408)
	at org.apache.coyote.AbstractProcessorLight.process(AbstractProcessorLight.java:66)
	at org.apache.coyote.AbstractProtocol$ConnectionHandler.process(AbstractProtocol.java:836)
	at org.apache.tomcat.util.net.NioEndpoint$SocketProcessor.doRun(NioEndpoint.java:1747)
	at org.apache.tomcat.util.net.SocketProcessorBase.run(SocketProcessorBase.java:49)
	at java.util.concurrent.ThreadPoolExecutor.runWorker(ThreadPoolExecutor.java:1149)
	at java.util.concurrent.ThreadPoolExecutor$Worker.run(ThreadPoolExecutor.java:624)
	at org.apache.tomcat.util.threads.TaskThread$WrappingRunnable.run(TaskThread.java:61)
	at java.lang.Thread.run(Thread.java:748)
2020-04-05 23:39:51,446 ERROR [https-jsse-nio-8080-exec-1] c.f.c.config.GlobalExceptionHandler [GlobalExceptionHandler.java : 50] Required request body is missing: public java.lang.Object com.fei.wx.web.WxSujectController.addGroupSubject(java.lang.Integer,com.fei.db.entity.po.SujectInfo)
org.springframework.http.converter.HttpMessageNotReadableException: Required request body is missing: public java.lang.Object com.fei.wx.web.WxSujectController.addGroupSubject(java.lang.Integer,com.fei.db.entity.po.SujectInfo)
	at org.springframework.web.servlet.mvc.method.annotation.RequestResponseBodyMethodProcessor.readWithMessageConverters(RequestResponseBodyMethodProcessor.java:160)
	at org.springframework.web.servlet.mvc.method.annotation.RequestResponseBodyMethodProcessor.resolveArgument(RequestResponseBodyMethodProcessor.java:130)
	at org.springframework.web.method.support.HandlerMethodArgumentResolverComposite.resolveArgument(HandlerMethodArgumentResolverComposite.java:126)
	at org.springframework.web.method.support.InvocableHandlerMethod.getMethodArgumentValues(InvocableHandlerMethod.java:167)
	at org.springframework.web.method.support.InvocableHandlerMethod.invokeForRequest(InvocableHandlerMethod.java:134)
	at org.springframework.web.servlet.mvc.method.annotation.ServletInvocableHandlerMethod.invokeAndHandle(ServletInvocableHandlerMethod.java:104)
	at org.springframework.web.servlet.mvc.method.annotation.RequestMappingHandlerAdapter.invokeHandlerMethod(RequestMappingHandlerAdapter.java:892)
	at org.springframework.web.servlet.mvc.method.annotation.RequestMappingHandlerAdapter.handleInternal(RequestMappingHandlerAdapter.java:797)
	at org.springframework.web.servlet.mvc.method.AbstractHandlerMethodAdapter.handle(AbstractHandlerMethodAdapter.java:87)
	at org.springframework.web.servlet.DispatcherServlet.doDispatch(DispatcherServlet.java:1039)
	at org.springframework.web.servlet.DispatcherServlet.doService(DispatcherServlet.java:942)
	at org.springframework.web.servlet.FrameworkServlet.processRequest(FrameworkServlet.java:1005)
	at org.springframework.web.servlet.FrameworkServlet.doGet(FrameworkServlet.java:897)
	at javax.servlet.http.HttpServlet.service(HttpServlet.java:634)
	at org.springframework.web.servlet.FrameworkServlet.service(FrameworkServlet.java:882)
	at javax.servlet.http.HttpServlet.service(HttpServlet.java:741)
	at org.apache.catalina.core.ApplicationFilterChain.internalDoFilter(ApplicationFilterChain.java:231)
	at org.apache.catalina.core.ApplicationFilterChain.doFilter(ApplicationFilterChain.java:166)
	at org.apache.tomcat.websocket.server.WsFilter.doFilter(WsFilter.java:53)
	at org.apache.catalina.core.ApplicationFilterChain.internalDoFilter(ApplicationFilterChain.java:193)
	at org.apache.catalina.core.ApplicationFilterChain.doFilter(ApplicationFilterChain.java:166)
	at org.springframework.web.filter.CorsFilter.doFilterInternal(CorsFilter.java:96)
	at org.springframework.web.filter.OncePerRequestFilter.doFilter(OncePerRequestFilter.java:107)
	at org.apache.catalina.core.ApplicationFilterChain.internalDoFilter(ApplicationFilterChain.java:193)
	at org.apache.catalina.core.ApplicationFilterChain.doFilter(ApplicationFilterChain.java:166)
	at com.alibaba.druid.support.http.WebStatFilter.doFilter(WebStatFilter.java:123)
	at org.apache.catalina.core.ApplicationFilterChain.internalDoFilter(ApplicationFilterChain.java:193)
	at org.apache.catalina.core.ApplicationFilterChain.doFilter(ApplicationFilterChain.java:166)
	at org.springframework.web.filter.RequestContextFilter.doFilterInternal(RequestContextFilter.java:99)
	at org.springframework.web.filter.OncePerRequestFilter.doFilter(OncePerRequestFilter.java:107)
	at org.apache.catalina.core.ApplicationFilterChain.internalDoFilter(ApplicationFilterChain.java:193)
	at org.apache.catalina.core.ApplicationFilterChain.doFilter(ApplicationFilterChain.java:166)
	at org.springframework.web.filter.FormContentFilter.doFilterInternal(FormContentFilter.java:92)
	at org.springframework.web.filter.OncePerRequestFilter.doFilter(OncePerRequestFilter.java:107)
	at org.apache.catalina.core.ApplicationFilterChain.internalDoFilter(ApplicationFilterChain.java:193)
	at org.apache.catalina.core.ApplicationFilterChain.doFilter(ApplicationFilterChain.java:166)
	at org.springframework.web.filter.HiddenHttpMethodFilter.doFilterInternal(HiddenHttpMethodFilter.java:93)
	at org.springframework.web.filter.OncePerRequestFilter.doFilter(OncePerRequestFilter.java:107)
	at org.apache.catalina.core.ApplicationFilterChain.internalDoFilter(ApplicationFilterChain.java:193)
	at org.apache.catalina.core.ApplicationFilterChain.doFilter(ApplicationFilterChain.java:166)
	at org.springframework.web.filter.CharacterEncodingFilter.doFilterInternal(CharacterEncodingFilter.java:200)
	at org.springframework.web.filter.OncePerRequestFilter.doFilter(OncePerRequestFilter.java:107)
	at org.apache.catalina.core.ApplicationFilterChain.internalDoFilter(ApplicationFilterChain.java:193)
	at org.apache.catalina.core.ApplicationFilterChain.doFilter(ApplicationFilterChain.java:166)
	at org.apache.catalina.core.StandardWrapperValve.invoke(StandardWrapperValve.java:200)
	at org.apache.catalina.core.StandardContextValve.invoke(StandardContextValve.java:96)
	at org.apache.catalina.authenticator.AuthenticatorBase.invoke(AuthenticatorBase.java:490)
	at org.apache.catalina.core.StandardHostValve.invoke(StandardHostValve.java:139)
	at org.apache.catalina.valves.ErrorReportValve.invoke(ErrorReportValve.java:92)
	at org.apache.catalina.core.StandardEngineValve.invoke(StandardEngineValve.java:74)
	at org.apache.catalina.connector.CoyoteAdapter.service(CoyoteAdapter.java:343)
	at org.apache.coyote.http11.Http11Processor.service(Http11Processor.java:408)
	at org.apache.coyote.AbstractProcessorLight.process(AbstractProcessorLight.java:66)
	at org.apache.coyote.AbstractProtocol$ConnectionHandler.process(AbstractProtocol.java:836)
	at org.apache.tomcat.util.net.NioEndpoint$SocketProcessor.doRun(NioEndpoint.java:1747)
	at org.apache.tomcat.util.net.SocketProcessorBase.run(SocketProcessorBase.java:49)
	at java.util.concurrent.ThreadPoolExecutor.runWorker(ThreadPoolExecutor.java:1149)
	at java.util.concurrent.ThreadPoolExecutor$Worker.run(ThreadPoolExecutor.java:624)
	at org.apache.tomcat.util.threads.TaskThread$WrappingRunnable.run(TaskThread.java:61)
	at java.lang.Thread.run(Thread.java:748)
2020-04-05 23:41:21,488 INFO [restartedMain] com.fei.Application [StartupInfoLogger.java : 50] Starting Application on luck-xianzhi.local with PID 14390 (/Users/luck/WeChatProjects/organization_item/all/target/classes started by luck in /Users/luck/WeChatProjects/organization_item)
2020-04-05 23:41:21,492 DEBUG [restartedMain] com.fei.Application [StartupInfoLogger.java : 53] Running with Spring Boot v2.1.5.RELEASE, Spring v5.1.7.RELEASE
2020-04-05 23:41:21,493 INFO [restartedMain] com.fei.Application [SpringApplication.java : 679] The following profiles are active: db,core,admin,wx
2020-04-05 23:41:23,858 WARN [restartedMain] o.m.s.mapper.ClassPathMapperScanner [ClassPathMapperScanner.java : 166] No MyBatis mapper was found in '[com.fei]' package. Please check your configuration.
2020-04-05 23:41:36,636 INFO [restartedMain] com.fei.Application [StartupInfoLogger.java : 59] Started Application in 16.886 seconds (JVM running for 20.268)
2020-04-05 23:42:03,261 INFO [restartedMain] com.fei.Application [StartupInfoLogger.java : 50] Starting Application on luck-xianzhi.local with PID 14402 (/Users/luck/WeChatProjects/organization_item/all/target/classes started by luck in /Users/luck/WeChatProjects/organization_item)
2020-04-05 23:42:03,269 DEBUG [restartedMain] com.fei.Application [StartupInfoLogger.java : 53] Running with Spring Boot v2.1.5.RELEASE, Spring v5.1.7.RELEASE
2020-04-05 23:42:03,270 INFO [restartedMain] com.fei.Application [SpringApplication.java : 679] The following profiles are active: db,core,admin,wx
2020-04-05 23:42:05,653 WARN [restartedMain] o.m.s.mapper.ClassPathMapperScanner [ClassPathMapperScanner.java : 166] No MyBatis mapper was found in '[com.fei]' package. Please check your configuration.
2020-04-05 23:42:16,504 INFO [restartedMain] com.fei.Application [StartupInfoLogger.java : 59] Started Application in 15.593 seconds (JVM running for 20.954)
2020-04-05 23:46:10,315 INFO [https-jsse-nio-8080-exec-2] com.fei.wx.web.WxAuthController [WxAuthController.java : 51] 执行登录>>>>>>>>{"code":"043VDqMD1wth980Sp0OD1SKEMD1VDqMO","userInfo":{"nickName":"陈小飞","avatarUrl":"https://wx.qlogo.cn/mmopen/vi_32/65vd1qS31BfMdJ82kcx1bWJOCaxibH5DWvib7QJpw8jzfY9kLUyJjN6h4icAUFcGDKEBXhBcnEyVL6GbcJB0Gs0YQ/132","country":"China","province":"Guangdong","city":"Guangzhou","language":"zh_CN","gender":1},"shareId":null}
2020-04-05 23:51:20,266 INFO [restartedMain] com.fei.Application [StartupInfoLogger.java : 50] Starting Application on luck-xianzhi.local with PID 14402 (/Users/luck/WeChatProjects/organization_item/all/target/classes started by luck in /Users/luck/WeChatProjects/organization_item)
2020-04-05 23:51:20,267 DEBUG [restartedMain] com.fei.Application [StartupInfoLogger.java : 53] Running with Spring Boot v2.1.5.RELEASE, Spring v5.1.7.RELEASE
2020-04-05 23:51:20,268 INFO [restartedMain] com.fei.Application [SpringApplication.java : 679] The following profiles are active: db,core,admin,wx
2020-04-05 23:51:22,260 WARN [restartedMain] o.m.s.mapper.ClassPathMapperScanner [ClassPathMapperScanner.java : 166] No MyBatis mapper was found in '[com.fei]' package. Please check your configuration.
2020-04-05 23:51:33,339 INFO [restartedMain] com.fei.Application [StartupInfoLogger.java : 50] Starting Application on luck-xianzhi.local with PID 14634 (/Users/luck/WeChatProjects/organization_item/all/target/classes started by luck in /Users/luck/WeChatProjects/organization_item)
2020-04-05 23:51:33,345 DEBUG [restartedMain] com.fei.Application [StartupInfoLogger.java : 53] Running with Spring Boot v2.1.5.RELEASE, Spring v5.1.7.RELEASE
2020-04-05 23:51:33,345 INFO [restartedMain] com.fei.Application [SpringApplication.java : 679] The following profiles are active: db,core,admin,wx
2020-04-05 23:51:35,572 WARN [restartedMain] o.m.s.mapper.ClassPathMapperScanner [ClassPathMapperScanner.java : 166] No MyBatis mapper was found in '[com.fei]' package. Please check your configuration.
2020-04-05 23:51:47,031 INFO [restartedMain] com.fei.Application [StartupInfoLogger.java : 59] Started Application in 16.096 seconds (JVM running for 18.84)
2020-04-05 23:54:20,585 INFO [restartedMain] com.fei.Application [StartupInfoLogger.java : 50] Starting Application on luck-xianzhi.local with PID 14634 (/Users/luck/WeChatProjects/organization_item/all/target/classes started by luck in /Users/luck/WeChatProjects/organization_item)
2020-04-05 23:54:20,586 DEBUG [restartedMain] com.fei.Application [StartupInfoLogger.java : 53] Running with Spring Boot v2.1.5.RELEASE, Spring v5.1.7.RELEASE
2020-04-05 23:54:20,586 INFO [restartedMain] com.fei.Application [SpringApplication.java : 679] The following profiles are active: db,core,admin,wx
2020-04-05 23:54:25,351 WARN [restartedMain] o.m.s.mapper.ClassPathMapperScanner [ClassPathMapperScanner.java : 166] No MyBatis mapper was found in '[com.fei]' package. Please check your configuration.
2020-04-05 23:54:32,108 INFO [restartedMain] com.fei.Application [StartupInfoLogger.java : 59] Started Application in 12.353 seconds (JVM running for 183.911)
