2020-04-09 00:00:02,640 ERROR [https-jsse-nio-8080-exec-4] c.b.w.m.api.impl.WxMaServiceImpl [WxMaServiceImpl.java : 298] 
【请求地址】: https://api.weixin.qq.com/cgi-bin/message/subscribe/send?access_token=32_REUJ4H6mgH0ul6sdFfjfsgExlULD1PnR4Kqi5enSH80cNfgqTVG8O4ESTb3ah8ryoCI7qfKrtKzMvVJ1PkLNbikqZ2-M__KsrBoL0ZkcyqxLxOX_oTxWHANny5cTz2cZaoT686Iz9F1fISoWKIEfAFARPL
【请求参数】：{"touser":"oATho5LoSAHheMJ7riC00oghoWms","template_id":"xB8PAlZ9Qc1-USZFaKV2tKBM9ak6tTe4GISXvwSuFJc","page":"/pages/sort/sort_detail?subjectId=43","miniprogram_state":"developer","lang":"zh_CN","data":{"thing1.DATA":{"value":"12"},"thing2.DATA":{"value":"已全员到齐"}}}
【错误信息】：错误代码：47003, 错误信息：模板参数不准确，可能为空或者不满足规则，errmsg会提示具体是哪个字段出错，微信原始报文：{"errcode":47003,"errmsg":"argument invalid! hint: [Gm37Na06021295] data.thing1.value is emtpy"}
2020-04-09 00:01:46,514 ERROR [https-jsse-nio-8080-exec-8] c.b.w.m.api.impl.WxMaServiceImpl [WxMaServiceImpl.java : 298] 
【请求地址】: https://api.weixin.qq.com/cgi-bin/message/subscribe/send?access_token=32_REUJ4H6mgH0ul6sdFfjfsgExlULD1PnR4Kqi5enSH80cNfgqTVG8O4ESTb3ah8ryoCI7qfKrtKzMvVJ1PkLNbikqZ2-M__KsrBoL0ZkcyqxLxOX_oTxWHANny5cTz2cZaoT686Iz9F1fISoWKIEfAFARPL
【请求参数】：{"touser":"oATho5LoSAHheMJ7riC00oghoWms","template_id":"xB8PAlZ9Qc1-USZFaKV2tKBM9ak6tTe4GISXvwSuFJc","page":"/pages/sort/sort_detail?subjectId=44","miniprogram_state":"developer","lang":"zh_CN","data":{"thing1.DATA":{"value":"12"},"thing2.DATA":{"value":"已全员到齐"}}}
【错误信息】：错误代码：47003, 错误信息：模板参数不准确，可能为空或者不满足规则，errmsg会提示具体是哪个字段出错，微信原始报文：{"errcode":47003,"errmsg":"argument invalid! hint: [71Hb5a07064107] data.thing1.value is emtpy"}
2020-04-09 00:02:13,188 INFO [restartedMain] com.fei.Application [StartupInfoLogger.java : 50] Starting Application on luck-xianzhi.local with PID 4003 (/Users/luck/WeChatProjects/organization_item/all/target/classes started by luck in /Users/luck/WeChatProjects/organization_item)
2020-04-09 00:02:13,200 DEBUG [restartedMain] com.fei.Application [StartupInfoLogger.java : 53] Running with Spring Boot v2.1.5.RELEASE, Spring v5.1.7.RELEASE
2020-04-09 00:02:13,201 INFO [restartedMain] com.fei.Application [SpringApplication.java : 679] The following profiles are active: db,core,admin,wx
2020-04-09 00:02:15,170 WARN [restartedMain] o.m.s.mapper.ClassPathMapperScanner [ClassPathMapperScanner.java : 166] No MyBatis mapper was found in '[com.fei]' package. Please check your configuration.
2020-04-09 00:02:24,509 INFO [restartedMain] com.fei.Application [StartupInfoLogger.java : 59] Started Application in 13.125 seconds (JVM running for 16.678)
2020-04-09 00:02:54,627 ERROR [https-jsse-nio-8080-exec-1] c.b.w.m.api.impl.WxMaServiceImpl [WxMaServiceImpl.java : 298] 
【请求地址】: https://api.weixin.qq.com/cgi-bin/message/subscribe/send?access_token=32_vffUytN7w8RQWvefggGF8fjOWpmUbn0MsODvgusLPW9hark5EN3PI5UDLOgZqgDpi0_tnDVYfTHmYPPxJi9d0hcux9xF5OdOP54caEeJS03afT44Cor0os0b7vtWtahiI3Sp9KyeVnM0GkixHVHiAHARFR
【请求参数】：{"touser":"oATho5LoSAHheMJ7riC00oghoWms","template_id":"xB8PAlZ9Qc1-USZFaKV2tKBM9ak6tTe4GISXvwSuFJc","page":"/pages/sort/sort_detail?subjectId=45","miniprogram_state":"developer","lang":"zh_CN","data":{"thing1.DATA":{"value":"12"},"thing2.DATA":{"value":"已全员到齐"}}}
【错误信息】：错误代码：47003, 错误信息：模板参数不准确，可能为空或者不满足规则，errmsg会提示具体是哪个字段出错，微信原始报文：{"errcode":47003,"errmsg":"argument invalid! hint: [DX7XRa07743948] data.thing1.value is emtpy"}
2020-04-09 00:04:17,441 ERROR [https-jsse-nio-8080-exec-6] c.b.w.m.api.impl.WxMaServiceImpl [WxMaServiceImpl.java : 298] 
【请求地址】: https://api.weixin.qq.com/cgi-bin/message/subscribe/send?access_token=32_vffUytN7w8RQWvefggGF8fjOWpmUbn0MsODvgusLPW9hark5EN3PI5UDLOgZqgDpi0_tnDVYfTHmYPPxJi9d0hcux9xF5OdOP54caEeJS03afT44Cor0os0b7vtWtahiI3Sp9KyeVnM0GkixHVHiAHARFR
【请求参数】：{"touser":"oATho5LoSAHheMJ7riC00oghoWms","template_id":"xB8PAlZ9Qc1-USZFaKV2tKBM9ak6tTe4GISXvwSuFJc","page":"/pages/sort/sort_detail?subjectId=46","miniprogram_state":"developer","lang":"zh_CN","data":{"thing1.DATA":{"value":"12"},"thing2.DATA":{"value":"已全员到齐"}}}
【错误信息】：错误代码：47003, 错误信息：模板参数不准确，可能为空或者不满足规则，errmsg会提示具体是哪个字段出错，微信原始报文：{"errcode":47003,"errmsg":"argument invalid! hint: [2usada08571295] data.thing1.value is emtpy"}
2020-04-09 00:12:49,351 INFO [restartedMain] com.fei.Application [StartupInfoLogger.java : 50] Starting Application on luck-xianzhi.local with PID 4003 (/Users/luck/WeChatProjects/organization_item/all/target/classes started by luck in /Users/luck/WeChatProjects/organization_item)
2020-04-09 00:12:49,353 DEBUG [restartedMain] com.fei.Application [StartupInfoLogger.java : 53] Running with Spring Boot v2.1.5.RELEASE, Spring v5.1.7.RELEASE
2020-04-09 00:12:49,354 INFO [restartedMain] com.fei.Application [SpringApplication.java : 679] The following profiles are active: db,core,admin,wx
2020-04-09 00:12:51,125 WARN [restartedMain] o.m.s.mapper.ClassPathMapperScanner [ClassPathMapperScanner.java : 166] No MyBatis mapper was found in '[com.fei]' package. Please check your configuration.
2020-04-09 00:12:56,334 INFO [restartedMain] com.fei.Application [StartupInfoLogger.java : 59] Started Application in 7.578 seconds (JVM running for 648.483)
2020-04-09 00:13:07,424 ERROR [https-jsse-nio-8080-exec-1] c.b.w.m.api.impl.WxMaServiceImpl [WxMaServiceImpl.java : 298] 
【请求地址】: https://api.weixin.qq.com/cgi-bin/message/subscribe/send?access_token=32_e27sUduN-IUXhqvI0h262NH_pQwExXv8bg9EkhWvuimPrZOwH5bOm0L1aJGFEvAtUkwl9NXoS_eAq19ehl8Ztt6TdHtZMkH8CmKKsBaghVxNYlcKdzAhk7-E7aKIc-b_2JFZgV1NZbc7fmX7NNDcAIAIIY
【请求参数】：{"touser":"oATho5LoSAHheMJ7riC00oghoWms","template_id":"xB8PAlZ9Qc1-USZFaKV2tKBM9ak6tTe4GISXvwSuFJc","page":"/pages/sort/sort_detail?subjectId=47","miniprogram_state":"developer","lang":"zh_CN","data":{"data.thing1":{"value":"12"},"thing2.DATA":{"value":"已全员到齐"}}}
【错误信息】：错误代码：47003, 错误信息：模板参数不准确，可能为空或者不满足规则，errmsg会提示具体是哪个字段出错，微信原始报文：{"errcode":47003,"errmsg":"argument invalid! hint: [Ex0VVA03871295] data.thing1.value is emtpy"}
2020-04-09 00:13:24,159 INFO [restartedMain] com.fei.Application [StartupInfoLogger.java : 50] Starting Application on luck-xianzhi.local with PID 4223 (/Users/luck/WeChatProjects/organization_item/all/target/classes started by luck in /Users/luck/WeChatProjects/organization_item)
2020-04-09 00:13:24,164 DEBUG [restartedMain] com.fei.Application [StartupInfoLogger.java : 53] Running with Spring Boot v2.1.5.RELEASE, Spring v5.1.7.RELEASE
2020-04-09 00:13:24,165 INFO [restartedMain] com.fei.Application [SpringApplication.java : 679] The following profiles are active: db,core,admin,wx
2020-04-09 00:13:26,357 WARN [restartedMain] o.m.s.mapper.ClassPathMapperScanner [ClassPathMapperScanner.java : 166] No MyBatis mapper was found in '[com.fei]' package. Please check your configuration.
2020-04-09 00:13:34,288 INFO [restartedMain] com.fei.Application [StartupInfoLogger.java : 59] Started Application in 11.796 seconds (JVM running for 13.674)
2020-04-09 00:14:19,011 ERROR [https-jsse-nio-8080-exec-1] c.b.w.m.api.impl.WxMaServiceImpl [WxMaServiceImpl.java : 298] 
【请求地址】: https://api.weixin.qq.com/cgi-bin/message/subscribe/send?access_token=32_y6C6Hr2lKQXueclCUlc3I8WdSgka_lq1w-DB9acDeByMiYKh-nE7P180OSA6glbQ_p3wiJ99U2sLDWzQgKuTt63MkJsWTmjvqeBz9oVkJaFN7k2ZL5c7cvnIfNKR5Yk-4yidZV--Z89nUeZ0BNEiAHAVHY
【请求参数】：{"touser":"oATho5LoSAHheMJ7riC00oghoWms","template_id":"xB8PAlZ9Qc1-USZFaKV2tKBM9ak6tTe4GISXvwSuFJc","page":"/pages/sort/sort_detail?subjectId=48","miniprogram_state":"developer","lang":"zh_CN","data":{"data.thing1":{"value":"12"},"thing2.DATA":{"value":"已全员到齐"}}}
【错误信息】：错误代码：47003, 错误信息：模板参数不准确，可能为空或者不满足规则，errmsg会提示具体是哪个字段出错，微信原始报文：{"errcode":47003,"errmsg":"argument invalid! hint: [fFkwva04580500] data.thing1.value is emtpy"}
2020-04-09 00:14:43,292 INFO [restartedMain] com.fei.Application [StartupInfoLogger.java : 50] Starting Application on luck-xianzhi.local with PID 4239 (/Users/luck/WeChatProjects/organization_item/all/target/classes started by luck in /Users/luck/WeChatProjects/organization_item)
2020-04-09 00:14:43,296 DEBUG [restartedMain] com.fei.Application [StartupInfoLogger.java : 53] Running with Spring Boot v2.1.5.RELEASE, Spring v5.1.7.RELEASE
2020-04-09 00:14:43,296 INFO [restartedMain] com.fei.Application [SpringApplication.java : 679] The following profiles are active: db,core,admin,wx
2020-04-09 00:14:45,642 WARN [restartedMain] o.m.s.mapper.ClassPathMapperScanner [ClassPathMapperScanner.java : 166] No MyBatis mapper was found in '[com.fei]' package. Please check your configuration.
2020-04-09 00:14:53,331 INFO [restartedMain] com.fei.Application [StartupInfoLogger.java : 59] Started Application in 11.362 seconds (JVM running for 12.848)
2020-04-09 00:15:01,653 ERROR [https-jsse-nio-8080-exec-1] c.b.w.m.api.impl.WxMaServiceImpl [WxMaServiceImpl.java : 298] 
【请求地址】: https://api.weixin.qq.com/cgi-bin/message/subscribe/send?access_token=32_IrWMo3PZqnCguvCp9Og3PPK-0D3MAOz4RcYW2BXDczUNqNTJv5onKoVxLpJDwdeIDUfveFmUSlABGpP01sM36Gh8uhviJgivvsxt394CYbb7--kBewaLTqtLMli5OPczBvsJZqlwjL6Kvs2JLSXaAHAVCH
【请求参数】：{"touser":"oATho5LoSAHheMJ7riC00oghoWms","template_id":"xB8PAlZ9Qc1-USZFaKV2tKBM9ak6tTe4GISXvwSuFJc","page":"/pages/sort/sort_detail?subjectId=49","miniprogram_state":"developer","lang":"zh_CN","data":{"thing1":{"value":"12"},"thing2.DATA":{"value":"已全员到齐"}}}
【错误信息】：错误代码：47003, 错误信息：模板参数不准确，可能为空或者不满足规则，errmsg会提示具体是哪个字段出错，微信原始报文：{"errcode":47003,"errmsg":"argument invalid! hint: [Ejnmsa05014107] data.thing2.value is emtpy"}
2020-04-09 00:15:30,363 INFO [restartedMain] com.fei.Application [StartupInfoLogger.java : 50] Starting Application on luck-xianzhi.local with PID 4239 (/Users/luck/WeChatProjects/organization_item/all/target/classes started by luck in /Users/luck/WeChatProjects/organization_item)
2020-04-09 00:15:30,414 DEBUG [restartedMain] com.fei.Application [StartupInfoLogger.java : 53] Running with Spring Boot v2.1.5.RELEASE, Spring v5.1.7.RELEASE
2020-04-09 00:15:30,418 INFO [restartedMain] com.fei.Application [SpringApplication.java : 679] The following profiles are active: db,core,admin,wx
2020-04-09 00:15:32,172 WARN [restartedMain] o.m.s.mapper.ClassPathMapperScanner [ClassPathMapperScanner.java : 166] No MyBatis mapper was found in '[com.fei]' package. Please check your configuration.
2020-04-09 00:15:36,947 INFO [restartedMain] com.fei.Application [StartupInfoLogger.java : 59] Started Application in 6.993 seconds (JVM running for 56.463)
2020-04-09 00:21:30,202 INFO [restartedMain] com.fei.Application [StartupInfoLogger.java : 50] Starting Application on luck-xianzhi.local with PID 4239 (/Users/luck/WeChatProjects/organization_item/all/target/classes started by luck in /Users/luck/WeChatProjects/organization_item)
2020-04-09 00:21:30,202 DEBUG [restartedMain] com.fei.Application [StartupInfoLogger.java : 53] Running with Spring Boot v2.1.5.RELEASE, Spring v5.1.7.RELEASE
2020-04-09 00:21:30,203 INFO [restartedMain] com.fei.Application [SpringApplication.java : 679] The following profiles are active: db,core,admin,wx
2020-04-09 00:21:31,486 WARN [restartedMain] o.m.s.mapper.ClassPathMapperScanner [ClassPathMapperScanner.java : 166] No MyBatis mapper was found in '[com.fei]' package. Please check your configuration.
2020-04-09 00:21:37,844 INFO [restartedMain] com.fei.Application [StartupInfoLogger.java : 59] Started Application in 7.828 seconds (JVM running for 417.328)
2020-04-09 00:27:26,855 INFO [restartedMain] com.fei.Application [StartupInfoLogger.java : 50] Starting Application on luck-xianzhi.local with PID 4239 (/Users/luck/WeChatProjects/organization_item/all/target/classes started by luck in /Users/luck/WeChatProjects/organization_item)
2020-04-09 00:27:26,856 DEBUG [restartedMain] com.fei.Application [StartupInfoLogger.java : 53] Running with Spring Boot v2.1.5.RELEASE, Spring v5.1.7.RELEASE
2020-04-09 00:27:26,856 INFO [restartedMain] com.fei.Application [SpringApplication.java : 679] The following profiles are active: db,core,admin,wx
2020-04-09 00:27:28,640 WARN [restartedMain] o.m.s.mapper.ClassPathMapperScanner [ClassPathMapperScanner.java : 166] No MyBatis mapper was found in '[com.fei]' package. Please check your configuration.
2020-04-09 00:27:35,884 INFO [restartedMain] com.fei.Application [StartupInfoLogger.java : 59] Started Application in 9.427 seconds (JVM running for 775.357)
2020-04-09 00:27:37,667 INFO [restartedMain] com.fei.Application [StartupInfoLogger.java : 50] Starting Application on luck-xianzhi.local with PID 4239 (/Users/luck/WeChatProjects/organization_item/all/target/classes started by luck in /Users/luck/WeChatProjects/organization_item)
2020-04-09 00:27:37,668 DEBUG [restartedMain] com.fei.Application [StartupInfoLogger.java : 53] Running with Spring Boot v2.1.5.RELEASE, Spring v5.1.7.RELEASE
2020-04-09 00:27:37,668 INFO [restartedMain] com.fei.Application [SpringApplication.java : 679] The following profiles are active: db,core,admin,wx
2020-04-09 00:27:39,869 WARN [restartedMain] o.m.s.mapper.ClassPathMapperScanner [ClassPathMapperScanner.java : 166] No MyBatis mapper was found in '[com.fei]' package. Please check your configuration.
2020-04-09 00:27:44,956 INFO [restartedMain] com.fei.Application [StartupInfoLogger.java : 59] Started Application in 7.5 seconds (JVM running for 784.429)
2020-04-09 00:28:47,577 INFO [restartedMain] com.fei.Application [StartupInfoLogger.java : 50] Starting Application on luck-xianzhi.local with PID 4239 (/Users/luck/WeChatProjects/organization_item/all/target/classes started by luck in /Users/luck/WeChatProjects/organization_item)
2020-04-09 00:28:47,591 DEBUG [restartedMain] com.fei.Application [StartupInfoLogger.java : 53] Running with Spring Boot v2.1.5.RELEASE, Spring v5.1.7.RELEASE
2020-04-09 00:28:47,591 INFO [restartedMain] com.fei.Application [SpringApplication.java : 679] The following profiles are active: db,core,admin,wx
2020-04-09 00:28:50,202 WARN [restartedMain] o.m.s.mapper.ClassPathMapperScanner [ClassPathMapperScanner.java : 166] No MyBatis mapper was found in '[com.fei]' package. Please check your configuration.
2020-04-09 00:28:55,758 INFO [restartedMain] com.fei.Application [StartupInfoLogger.java : 59] Started Application in 8.53 seconds (JVM running for 855.228)
2020-04-09 00:54:03,105 INFO [restartedMain] com.fei.Application [StartupInfoLogger.java : 50] Starting Application on luck-xianzhi.local with PID 4239 (/Users/luck/WeChatProjects/organization_item/all/target/classes started by luck in /Users/luck/WeChatProjects/organization_item)
2020-04-09 00:54:03,106 DEBUG [restartedMain] com.fei.Application [StartupInfoLogger.java : 53] Running with Spring Boot v2.1.5.RELEASE, Spring v5.1.7.RELEASE
2020-04-09 00:54:03,107 INFO [restartedMain] com.fei.Application [SpringApplication.java : 679] The following profiles are active: db,core,admin,wx
2020-04-09 00:54:04,706 WARN [restartedMain] o.m.s.mapper.ClassPathMapperScanner [ClassPathMapperScanner.java : 166] No MyBatis mapper was found in '[com.fei]' package. Please check your configuration.
2020-04-09 00:54:12,066 INFO [restartedMain] com.fei.Application [StartupInfoLogger.java : 59] Started Application in 9.33 seconds (JVM running for 2371.488)
2020-04-09 00:54:22,832 INFO [restartedMain] com.fei.Application [StartupInfoLogger.java : 50] Starting Application on luck-xianzhi.local with PID 6113 (/Users/luck/WeChatProjects/organization_item/all/target/classes started by luck in /Users/luck/WeChatProjects/organization_item)
2020-04-09 00:54:22,837 DEBUG [restartedMain] com.fei.Application [StartupInfoLogger.java : 53] Running with Spring Boot v2.1.5.RELEASE, Spring v5.1.7.RELEASE
2020-04-09 00:54:22,837 INFO [restartedMain] com.fei.Application [SpringApplication.java : 679] The following profiles are active: db,core,admin,wx
2020-04-09 00:54:26,117 WARN [restartedMain] o.m.s.mapper.ClassPathMapperScanner [ClassPathMapperScanner.java : 166] No MyBatis mapper was found in '[com.fei]' package. Please check your configuration.
2020-04-09 00:54:34,465 INFO [restartedMain] com.fei.Application [StartupInfoLogger.java : 59] Started Application in 13.752 seconds (JVM running for 15.522)
2020-04-09 00:55:36,201 INFO [restartedMain] com.fei.Application [StartupInfoLogger.java : 50] Starting Application on luck-xianzhi.local with PID 6113 (/Users/luck/WeChatProjects/organization_item/all/target/classes started by luck in /Users/luck/WeChatProjects/organization_item)
2020-04-09 00:55:36,202 DEBUG [restartedMain] com.fei.Application [StartupInfoLogger.java : 53] Running with Spring Boot v2.1.5.RELEASE, Spring v5.1.7.RELEASE
2020-04-09 00:55:36,203 INFO [restartedMain] com.fei.Application [SpringApplication.java : 679] The following profiles are active: db,core,admin,wx
2020-04-09 00:55:38,502 WARN [restartedMain] o.m.s.mapper.ClassPathMapperScanner [ClassPathMapperScanner.java : 166] No MyBatis mapper was found in '[com.fei]' package. Please check your configuration.
2020-04-09 00:55:44,830 INFO [restartedMain] com.fei.Application [StartupInfoLogger.java : 59] Started Application in 8.933 seconds (JVM running for 85.88)
